2024-03-27T13:23:11.849Z  INFO 27939 --- [restartedMain] c.m.t.TransactionguardApplication        : Starting TransactionguardApplication using Java 17.0.8 with PID 27939 (/home/siryoung/Projects/transactionguard/target/classes started by siryoung in /home/siryoung/Projects/transactionguard)
2024-03-27T13:23:11.879Z  INFO 27939 --- [restartedMain] c.m.t.TransactionguardApplication        : No active profile set, falling back to 1 default profile: "default"
2024-03-27T13:23:12.192Z  INFO 27939 --- [restartedMain] .e.DevToolsPropertyDefaultsPostProcessor : Devtools property defaults active! Set 'spring.devtools.add-properties' to 'false' to disable
2024-03-27T13:23:12.198Z  INFO 27939 --- [restartedMain] .e.DevToolsPropertyDefaultsPostProcessor : For additional web related logging consider setting the 'logging.level.web' property to 'DEBUG'
2024-03-27T13:23:16.369Z  INFO 27939 --- [restartedMain] .s.d.r.c.RepositoryConfigurationDelegate : Bootstrapping Spring Data JPA repositories in DEFAULT mode.
2024-03-27T13:23:16.890Z  INFO 27939 --- [restartedMain] .s.d.r.c.RepositoryConfigurationDelegate : Finished Spring Data repository scanning in 482 ms. Found 4 JPA repository interfaces.
2024-03-27T13:23:18.897Z  INFO 27939 --- [restartedMain] o.s.b.w.embedded.tomcat.TomcatWebServer  : Tomcat initialized with port 8000 (http)
2024-03-27T13:23:18.947Z  INFO 27939 --- [restartedMain] o.apache.catalina.core.StandardService   : Starting service [Tomcat]
2024-03-27T13:23:18.950Z  INFO 27939 --- [restartedMain] o.apache.catalina.core.StandardEngine    : Starting Servlet engine: [Apache Tomcat/10.1.18]
2024-03-27T13:23:19.108Z  INFO 27939 --- [restartedMain] o.a.c.c.C.[Tomcat].[localhost].[/]       : Initializing Spring embedded WebApplicationContext
2024-03-27T13:23:19.110Z  INFO 27939 --- [restartedMain] w.s.c.ServletWebServerApplicationContext : Root WebApplicationContext: initialization completed in 6911 ms
2024-03-27T13:23:20.286Z  INFO 27939 --- [restartedMain] o.hibernate.jpa.internal.util.LogHelper  : HHH000204: Processing PersistenceUnitInfo [name: default]
2024-03-27T13:23:20.448Z  INFO 27939 --- [restartedMain] org.hibernate.Version                    : HHH000412: Hibernate ORM core version 6.4.1.Final
2024-03-27T13:23:20.674Z  INFO 27939 --- [restartedMain] o.h.c.internal.RegionFactoryInitiator    : HHH000026: Second-level cache disabled
2024-03-27T13:23:21.359Z  INFO 27939 --- [restartedMain] o.s.o.j.p.SpringPersistenceUnitInfo      : No LoadTimeWeaver setup: ignoring JPA class transformer
2024-03-27T13:23:21.438Z  INFO 27939 --- [restartedMain] com.zaxxer.hikari.HikariDataSource       : HikariPool-1 - Starting...
2024-03-27T13:23:22.593Z  INFO 27939 --- [restartedMain] com.zaxxer.hikari.pool.HikariPool        : HikariPool-1 - Added connection com.mysql.cj.jdbc.ConnectionImpl@6f76356c
2024-03-27T13:23:22.596Z  INFO 27939 --- [restartedMain] com.zaxxer.hikari.HikariDataSource       : HikariPool-1 - Start completed.
2024-03-27T13:23:26.016Z  INFO 27939 --- [restartedMain] o.h.e.t.j.p.i.JtaPlatformInitiator       : HHH000489: No JTA platform available (set 'hibernate.transaction.jta.platform' to enable JTA platform integration)
2024-03-27T13:23:26.281Z  INFO 27939 --- [restartedMain] j.LocalContainerEntityManagerFactoryBean : Initialized JPA EntityManagerFactory for persistence unit 'default'
2024-03-27T13:23:31.208Z  WARN 27939 --- [restartedMain] JpaBaseConfiguration$JpaWebConfiguration : spring.jpa.open-in-view is enabled by default. Therefore, database queries may be performed during view rendering. Explicitly configure spring.jpa.open-in-view to disable this warning
2024-03-27T13:23:32.106Z  INFO 27939 --- [restartedMain] o.s.s.web.DefaultSecurityFilterChain     : Will secure any request with [org.springframework.security.web.session.DisableEncodeUrlFilter@403c5b0, org.springframework.security.web.context.request.async.WebAsyncManagerIntegrationFilter@af8a056, org.springframework.security.web.context.SecurityContextHolderFilter@241d288f, org.springframework.security.web.header.HeaderWriterFilter@70e1775d, org.springframework.web.filter.CorsFilter@32d2ef61, org.springframework.security.web.authentication.logout.LogoutFilter@77155047, org.springframework.security.oauth2.server.resource.web.authentication.BearerTokenAuthenticationFilter@27f3fc34, org.springframework.security.web.savedrequest.RequestCacheAwareFilter@3ec91e5d, org.springframework.security.web.servletapi.SecurityContextHolderAwareRequestFilter@5eb80834, org.springframework.security.web.authentication.AnonymousAuthenticationFilter@12f46919, org.springframework.security.web.session.SessionManagementFilter@67b727dd, org.springframework.security.web.access.ExceptionTranslationFilter@594c21e4, org.springframework.security.web.access.intercept.AuthorizationFilter@7afce653]
2024-03-27T13:23:33.065Z  INFO 27939 --- [restartedMain] o.s.b.d.a.OptionalLiveReloadServer       : LiveReload server is running on port 35729
2024-03-27T13:23:33.268Z  INFO 27939 --- [restartedMain] o.s.b.w.embedded.tomcat.TomcatWebServer  : Tomcat started on port 8000 (http) with context path ''
2024-03-27T13:23:33.301Z  INFO 27939 --- [restartedMain] c.m.t.TransactionguardApplication        : Started TransactionguardApplication in 23.437 seconds (process running for 26.869)
